   1              		.file	"arg_rem.c"
   2              		.section	.text.unlikely,"ax",@progbits
   3              	.LCOLDB0:
   4              		.text
   5              	.LHOTB0:
   6              		.p2align 4,,15
   7              		.globl	arg_rem
   9              	arg_rem:
  10              	.LFB23:
  11              		.cfi_startproc
  12 0000 55       		pushq	%rbp
  13              		.cfi_def_cfa_offset 16
  14              		.cfi_offset 6, -16
  15 0001 53       		pushq	%rbx
  16              		.cfi_def_cfa_offset 24
  17              		.cfi_offset 3, -24
  18 0002 4889FD   		movq	%rdi, %rbp
  19 0005 BF600000 		movl	$96, %edi
  19      00
  20 000a 4889F3   		movq	%rsi, %rbx
  21 000d 4883EC08 		subq	$8, %rsp
  22              		.cfi_def_cfa_offset 32
  23 0011 E8000000 		call	malloc@PLT
  23      00
  24 0016 4885C0   		testq	%rax, %rax
  25 0019 744D     		je	.L2
  26 001b C60000   		movb	$0, (%rax)
  27 001e 48C74008 		movq	$0, 8(%rax)
  27      00000000 
  28 0026 48C74010 		movq	$0, 16(%rax)
  28      00000000 
  29 002e 48896818 		movq	%rbp, 24(%rax)
  30 0032 48895820 		movq	%rbx, 32(%rax)
  31 0036 C7402801 		movl	$1, 40(%rax)
  31      000000
  32 003d C7402C01 		movl	$1, 44(%rax)
  32      000000
  33 0044 48894030 		movq	%rax, 48(%rax)
  34 0048 48C74038 		movq	$0, 56(%rax)
  34      00000000 
  35 0050 48C74040 		movq	$0, 64(%rax)
  35      00000000 
  36 0058 48C74048 		movq	$0, 72(%rax)
  36      00000000 
  37 0060 48C74050 		movq	$0, 80(%rax)
  37      00000000 
  38              	.L2:
  39 0068 4883C408 		addq	$8, %rsp
  40              		.cfi_def_cfa_offset 24
  41 006c 5B       		popq	%rbx
  42              		.cfi_def_cfa_offset 16
  43 006d 5D       		popq	%rbp
  44              		.cfi_def_cfa_offset 8
  45 006e C3       		ret
  46              		.cfi_endproc
  47              	.LFE23:
  49              		.section	.text.unlikely
  50              	.LCOLDE0:
  51              		.text
  52              	.LHOTE0:
  53              		.ident	"GCC: (Ubuntu 5.4.0-6ubuntu1~16.04.5) 5.4.0 20160609"
  54              		.section	.note.GNU-stack,"",@progbits
DEFINED SYMBOLS
                            *ABS*:0000000000000000 arg_rem.c
     /tmp/ccXftqZZ.s:9      .text:0000000000000000 arg_rem

UNDEFINED SYMBOLS
_GLOBAL_OFFSET_TABLE_
malloc
