   1              		.file	"arg_str.c"
   2              		.section	.text.unlikely,"ax",@progbits
   3              	.LCOLDB0:
   4              		.text
   5              	.LHOTB0:
   6              		.p2align 4,,15
   8              	resetfn:
   9              	.LFB23:
  10              		.cfi_startproc
  11 0000 C7476000 		movl	$0, 96(%rdi)
  11      000000
  12 0007 C3       		ret
  13              		.cfi_endproc
  14              	.LFE23:
  16              		.section	.text.unlikely
  17              	.LCOLDE0:
  18              		.text
  19              	.LHOTE0:
  20              		.section	.text.unlikely
  21              	.LCOLDB1:
  22              		.text
  23              	.LHOTB1:
  24 0008 0F1F8400 		.p2align 4,,15
  24      00000000 
  26              	scanfn:
  27              	.LFB24:
  28              		.cfi_startproc
  29 0010 48635760 		movslq	96(%rdi), %rdx
  30 0014 B8020000 		movl	$2, %eax
  30      00
  31 0019 3B572C   		cmpl	44(%rdi), %edx
  32 001c 7415     		je	.L3
  33 001e 4885F6   		testq	%rsi, %rsi
  34 0021 7415     		je	.L7
  35 0023 488B4768 		movq	104(%rdi), %rax
  36 0027 8D4A01   		leal	1(%rdx), %ecx
  37 002a 894F60   		movl	%ecx, 96(%rdi)
  38 002d 488934D0 		movq	%rsi, (%rax,%rdx,8)
  39 0031 31C0     		xorl	%eax, %eax
  40              	.L3:
  41 0033 F3C3     		rep ret
  42              		.p2align 4,,10
  43 0035 0F1F00   		.p2align 3
  44              	.L7:
  45 0038 83C201   		addl	$1, %edx
  46 003b 31C0     		xorl	%eax, %eax
  47 003d 895760   		movl	%edx, 96(%rdi)
  48 0040 C3       		ret
  49              		.cfi_endproc
  50              	.LFE24:
  52              		.section	.text.unlikely
  53              	.LCOLDE1:
  54              		.text
  55              	.LHOTE1:
  56              		.section	.text.unlikely
  57              	.LCOLDB2:
  58              		.text
  59              	.LHOTB2:
  60 0041 0F1F4400 		.p2align 4,,15
  60      00662E0F 
  60      1F840000 
  60      000000
  62              	checkfn:
  63              	.LFB25:
  64              		.cfi_startproc
  65 0050 8B4728   		movl	40(%rdi), %eax
  66 0053 394760   		cmpl	%eax, 96(%rdi)
  67 0056 0F9CC0   		setl	%al
  68 0059 0FB6C0   		movzbl	%al, %eax
  69 005c C3       		ret
  70              		.cfi_endproc
  71              	.LFE25:
  73              		.section	.text.unlikely
  74              	.LCOLDE2:
  75              		.text
  76              	.LHOTE2:
  77              		.section	.rodata.str1.1,"aMS",@progbits,1
  78              	.LC3:
  79 0000 00       		.string	""
  80              	.LC4:
  81 0001 25733A20 		.string	"%s: "
  81      00
  82              	.LC5:
  83 0006 6D697373 		.string	"missing option "
  83      696E6720 
  83      6F707469 
  83      6F6E2000 
  84              	.LC6:
  85 0016 0A00     		.string	"\n"
  86              	.LC7:
  87 0018 65786365 		.string	"excess option "
  87      7373206F 
  87      7074696F 
  87      6E2000
  88              		.section	.text.unlikely
  89              	.LCOLDB8:
  90              		.text
  91              	.LHOTB8:
  92 005d 0F1F00   		.p2align 4,,15
  94              	errorfn:
  95              	.LFB26:
  96              		.cfi_startproc
  97 0060 4157     		pushq	%r15
  98              		.cfi_def_cfa_offset 16
  99              		.cfi_offset 15, -16
 100 0062 4156     		pushq	%r14
 101              		.cfi_def_cfa_offset 24
 102              		.cfi_offset 14, -24
 103 0064 488D0500 		leaq	.LC3(%rip), %rax
 103      000000
 104 006b 4155     		pushq	%r13
 105              		.cfi_def_cfa_offset 32
 106              		.cfi_offset 13, -32
 107 006d 4154     		pushq	%r12
 108              		.cfi_def_cfa_offset 40
 109              		.cfi_offset 12, -40
 110 006f 4189D4   		movl	%edx, %r12d
 111 0072 55       		pushq	%rbp
 112              		.cfi_def_cfa_offset 48
 113              		.cfi_offset 6, -48
 114 0073 53       		pushq	%rbx
 115              		.cfi_def_cfa_offset 56
 116              		.cfi_offset 3, -56
 117 0074 4889F5   		movq	%rsi, %rbp
 118 0077 4889CB   		movq	%rcx, %rbx
 119 007a 488D1500 		leaq	.LC4(%rip), %rdx
 119      000000
 120 0081 BE010000 		movl	$1, %esi
 120      00
 121 0086 4883EC08 		subq	$8, %rsp
 122              		.cfi_def_cfa_offset 64
 123 008a 4885C9   		testq	%rcx, %rcx
 124 008d 4C8B6F08 		movq	8(%rdi), %r13
 125 0091 480F44D8 		cmove	%rax, %rbx
 126 0095 4C8B7710 		movq	16(%rdi), %r14
 127 0099 4C8B7F18 		movq	24(%rdi), %r15
 128 009d 31C0     		xorl	%eax, %eax
 129 009f 4C89C1   		movq	%r8, %rcx
 130 00a2 4889EF   		movq	%rbp, %rdi
 131 00a5 E8000000 		call	__fprintf_chk@PLT
 131      00
 132 00aa 4183FC01 		cmpl	$1, %r12d
 133 00ae 7460     		je	.L12
 134 00b0 4183FC02 		cmpl	$2, %r12d
 135 00b4 7542     		jne	.L19
 136 00b6 488D3D00 		leaq	.LC7(%rip), %rdi
 136      000000
 137 00bd 4889E9   		movq	%rbp, %rcx
 138 00c0 BA0E0000 		movl	$14, %edx
 138      00
 139 00c5 BE010000 		movl	$1, %esi
 139      00
 140 00ca E8000000 		call	fwrite@PLT
 140      00
 141 00cf 4C8D0500 		leaq	.LC6(%rip), %r8
 141      000000
 142 00d6 4889D9   		movq	%rbx, %rcx
 143              	.L17:
 144 00d9 4883C408 		addq	$8, %rsp
 145              		.cfi_remember_state
 146              		.cfi_def_cfa_offset 56
 147 00dd 4C89F2   		movq	%r14, %rdx
 148 00e0 4C89EE   		movq	%r13, %rsi
 149 00e3 5B       		popq	%rbx
 150              		.cfi_def_cfa_offset 48
 151 00e4 4889EF   		movq	%rbp, %rdi
 152 00e7 5D       		popq	%rbp
 153              		.cfi_def_cfa_offset 40
 154 00e8 415C     		popq	%r12
 155              		.cfi_def_cfa_offset 32
 156 00ea 415D     		popq	%r13
 157              		.cfi_def_cfa_offset 24
 158 00ec 415E     		popq	%r14
 159              		.cfi_def_cfa_offset 16
 160 00ee 415F     		popq	%r15
 161              		.cfi_def_cfa_offset 8
 162 00f0 E9000000 		jmp	arg_print_option@PLT
 162      00
 163              		.p2align 4,,10
 164 00f5 0F1F00   		.p2align 3
 165              	.L19:
 166              		.cfi_restore_state
 167 00f8 4883C408 		addq	$8, %rsp
 168              		.cfi_remember_state
 169              		.cfi_def_cfa_offset 56
 170 00fc 5B       		popq	%rbx
 171              		.cfi_def_cfa_offset 48
 172 00fd 5D       		popq	%rbp
 173              		.cfi_def_cfa_offset 40
 174 00fe 415C     		popq	%r12
 175              		.cfi_def_cfa_offset 32
 176 0100 415D     		popq	%r13
 177              		.cfi_def_cfa_offset 24
 178 0102 415E     		popq	%r14
 179              		.cfi_def_cfa_offset 16
 180 0104 415F     		popq	%r15
 181              		.cfi_def_cfa_offset 8
 182 0106 C3       		ret
 183 0107 660F1F84 		.p2align 4,,10
 183      00000000 
 183      00
 184              		.p2align 3
 185              	.L12:
 186              		.cfi_restore_state
 187 0110 488D3D00 		leaq	.LC5(%rip), %rdi
 187      000000
 188 0117 4889E9   		movq	%rbp, %rcx
 189 011a BA0F0000 		movl	$15, %edx
 189      00
 190 011f BE010000 		movl	$1, %esi
 190      00
 191 0124 E8000000 		call	fwrite@PLT
 191      00
 192 0129 4C8D0500 		leaq	.LC6(%rip), %r8
 192      000000
 193 0130 4C89F9   		movq	%r15, %rcx
 194 0133 EBA4     		jmp	.L17
 195              		.cfi_endproc
 196              	.LFE26:
 198              		.section	.text.unlikely
 199              	.LCOLDE8:
 200              		.text
 201              	.LHOTE8:
 202              		.section	.rodata.str1.1
 203              	.LC9:
 204 0027 3C737472 		.string	"<string>"
 204      696E673E 
 204      00
 205              		.section	.text.unlikely
 206              	.LCOLDB10:
 207              		.text
 208              	.LHOTB10:
 209 0135 90662E0F 		.p2align 4,,15
 209      1F840000 
 209      000000
 210              		.globl	arg_strn
 212              	arg_strn:
 213              	.LFB29:
 214              		.cfi_startproc
 215 0140 4157     		pushq	%r15
 216              		.cfi_def_cfa_offset 16
 217              		.cfi_offset 15, -16
 218 0142 4156     		pushq	%r14
 219              		.cfi_def_cfa_offset 24
 220              		.cfi_offset 14, -24
 221 0144 4189CF   		movl	%ecx, %r15d
 222 0147 4155     		pushq	%r13
 223              		.cfi_def_cfa_offset 32
 224              		.cfi_offset 13, -32
 225 0149 4154     		pushq	%r12
 226              		.cfi_def_cfa_offset 40
 227              		.cfi_offset 12, -40
 228 014b 4989FD   		movq	%rdi, %r13
 229 014e 55       		pushq	%rbp
 230              		.cfi_def_cfa_offset 48
 231              		.cfi_offset 6, -48
 232 014f 53       		pushq	%rbx
 233              		.cfi_def_cfa_offset 56
 234              		.cfi_offset 3, -56
 235 0150 4489C3   		movl	%r8d, %ebx
 236 0153 4989F6   		movq	%rsi, %r14
 237 0156 4889D5   		movq	%rdx, %rbp
 238 0159 4D89CC   		movq	%r9, %r12
 239 015c 4883EC08 		subq	$8, %rsp
 240              		.cfi_def_cfa_offset 64
 241 0160 4139C8   		cmpl	%ecx, %r8d
 242 0163 0F4CD9   		cmovl	%ecx, %ebx
 243 0166 4863C3   		movslq	%ebx, %rax
 244 0169 488D3CC5 		leaq	112(,%rax,8), %rdi
 244      70000000 
 245 0171 E8000000 		call	malloc@PLT
 245      00
 246 0176 4885C0   		testq	%rax, %rax
 247 0179 0F849100 		je	.L26
 247      0000
 248 017f 488D357A 		leaq	resetfn(%rip), %rsi
 248      FEFFFF
 249 0186 488D1500 		leaq	.LC9(%rip), %rdx
 249      000000
 250 018d 4885ED   		testq	%rbp, %rbp
 251 0190 488D4870 		leaq	112(%rax), %rcx
 252 0194 C60002   		movb	$2, (%rax)
 253 0197 4C896808 		movq	%r13, 8(%rax)
 254 019b 48897038 		movq	%rsi, 56(%rax)
 255 019f 488D356A 		leaq	scanfn(%rip), %rsi
 255      FEFFFF
 256 01a6 480F44EA 		cmove	%rdx, %rbp
 257 01aa 85DB     		testl	%ebx, %ebx
 258 01ac 4C897010 		movq	%r14, 16(%rax)
 259 01b0 48896818 		movq	%rbp, 24(%rax)
 260 01b4 48897040 		movq	%rsi, 64(%rax)
 261 01b8 488D3591 		leaq	checkfn(%rip), %rsi
 261      FEFFFF
 262 01bf 4C896020 		movq	%r12, 32(%rax)
 263 01c3 44897828 		movl	%r15d, 40(%rax)
 264 01c7 89582C   		movl	%ebx, 44(%rax)
 265 01ca 48897048 		movq	%rsi, 72(%rax)
 266 01ce 488D358B 		leaq	errorfn(%rip), %rsi
 266      FEFFFF
 267 01d5 48894030 		movq	%rax, 48(%rax)
 268 01d9 48894868 		movq	%rcx, 104(%rax)
 269 01dd C7406000 		movl	$0, 96(%rax)
 269      000000
 270 01e4 48897050 		movq	%rsi, 80(%rax)
 271 01e8 7E26     		jle	.L26
 272 01ea 8D73FF   		leal	-1(%rbx), %esi
 273 01ed 31D2     		xorl	%edx, %edx
 274 01ef 48C1E603 		salq	$3, %rsi
 275 01f3 EB0B     		jmp	.L24
 276              		.p2align 4,,10
 277 01f5 0F1F00   		.p2align 3
 278              	.L28:
 279 01f8 488B4868 		movq	104(%rax), %rcx
 280 01fc 4883C208 		addq	$8, %rdx
 281              	.L24:
 282 0200 488D3D00 		leaq	.LC3(%rip), %rdi
 282      000000
 283 0207 4839F2   		cmpq	%rsi, %rdx
 284 020a 48893C11 		movq	%rdi, (%rcx,%rdx)
 285 020e 75E8     		jne	.L28
 286              	.L26:
 287 0210 4883C408 		addq	$8, %rsp
 288              		.cfi_def_cfa_offset 56
 289 0214 5B       		popq	%rbx
 290              		.cfi_def_cfa_offset 48
 291 0215 5D       		popq	%rbp
 292              		.cfi_def_cfa_offset 40
 293 0216 415C     		popq	%r12
 294              		.cfi_def_cfa_offset 32
 295 0218 415D     		popq	%r13
 296              		.cfi_def_cfa_offset 24
 297 021a 415E     		popq	%r14
 298              		.cfi_def_cfa_offset 16
 299 021c 415F     		popq	%r15
 300              		.cfi_def_cfa_offset 8
 301 021e C3       		ret
 302              		.cfi_endproc
 303              	.LFE29:
 305              		.section	.text.unlikely
 306              	.LCOLDE10:
 307              		.text
 308              	.LHOTE10:
 309              		.section	.text.unlikely
 310              	.LCOLDB11:
 311              		.text
 312              	.LHOTB11:
 313 021f 90       		.p2align 4,,15
 314              		.globl	arg_str0
 316              	arg_str0:
 317              	.LFB27:
 318              		.cfi_startproc
 319 0220 4989C9   		movq	%rcx, %r9
 320 0223 41B80100 		movl	$1, %r8d
 320      0000
 321 0229 31C9     		xorl	%ecx, %ecx
 322 022b E9000000 		jmp	arg_strn@PLT
 322      00
 323              		.cfi_endproc
 324              	.LFE27:
 326              		.section	.text.unlikely
 327              	.LCOLDE11:
 328              		.text
 329              	.LHOTE11:
 330              		.section	.text.unlikely
 331              	.LCOLDB12:
 332              		.text
 333              	.LHOTB12:
 334              		.p2align 4,,15
 335              		.globl	arg_str1
 337              	arg_str1:
 338              	.LFB28:
 339              		.cfi_startproc
 340 0230 4989C9   		movq	%rcx, %r9
 341 0233 41B80100 		movl	$1, %r8d
 341      0000
 342 0239 B9010000 		movl	$1, %ecx
 342      00
 343 023e E9000000 		jmp	arg_strn@PLT
 343      00
 344              		.cfi_endproc
 345              	.LFE28:
 347              		.section	.text.unlikely
 348              	.LCOLDE12:
 349              		.text
 350              	.LHOTE12:
 351              		.ident	"GCC: (Ubuntu 5.4.0-6ubuntu1~16.04.5) 5.4.0 20160609"
 352              		.section	.note.GNU-stack,"",@progbits
DEFINED SYMBOLS
                            *ABS*:0000000000000000 arg_str.c
     /tmp/ccTrUUY4.s:8      .text:0000000000000000 resetfn
     /tmp/ccTrUUY4.s:26     .text:0000000000000010 scanfn
     /tmp/ccTrUUY4.s:62     .text:0000000000000050 checkfn
     /tmp/ccTrUUY4.s:94     .text:0000000000000060 errorfn
     /tmp/ccTrUUY4.s:212    .text:0000000000000140 arg_strn
     /tmp/ccTrUUY4.s:316    .text:0000000000000220 arg_str0
     /tmp/ccTrUUY4.s:337    .text:0000000000000230 arg_str1
     /tmp/ccTrUUY4.s:78     .rodata.str1.1:0000000000000000 .LC3
     /tmp/ccTrUUY4.s:80     .rodata.str1.1:0000000000000001 .LC4
     /tmp/ccTrUUY4.s:86     .rodata.str1.1:0000000000000018 .LC7
     /tmp/ccTrUUY4.s:84     .rodata.str1.1:0000000000000016 .LC6
     /tmp/ccTrUUY4.s:82     .rodata.str1.1:0000000000000006 .LC5
     /tmp/ccTrUUY4.s:203    .rodata.str1.1:0000000000000027 .LC9

UNDEFINED SYMBOLS
_GLOBAL_OFFSET_TABLE_
__fprintf_chk
fwrite
arg_print_option
malloc
